Building DAG of jobs...
Using shell: /usr/bin/bash
Provided cores: 8
Rules claiming more threads will be scaled down.
Job stats:
job                 count
----------------  -------
all                     1
convert_to_fastq        1
get_fastq               1
get_runinfo             1
get_sra                 1
total                   5

Select jobs to execute...

[Thu Aug  3 09:01:24 2023]
rule get_runinfo:
    output: PRJNA252404_runinfo.csv
    jobid: 4
    reason: Missing output files: PRJNA252404_runinfo.csv
    resources: tmpdir=/tmp

[Thu Aug  3 09:01:28 2023]
Finished job 4.
1 of 5 steps (20%) done
Select jobs to execute...

[Thu Aug  3 09:01:28 2023]
rule get_sra:
    input: PRJNA252404_runinfo.csv
    output: PRJNA252404_srr.txt
    jobid: 3
    reason: Missing output files: PRJNA252404_srr.txt; Input files updated by another job: PRJNA252404_runinfo.csv
    resources: tmpdir=/tmp

[Thu Aug  3 09:01:28 2023]
Finished job 3.
2 of 5 steps (40%) done
Select jobs to execute...

[Thu Aug  3 09:01:28 2023]
rule get_fastq:
    input: PRJNA252404_srr.txt
    output: srr_down_done.txt
    jobid: 2
    reason: Missing output files: srr_down_done.txt; Input files updated by another job: PRJNA252404_srr.txt
    resources: tmpdir=/tmp

[Thu Aug  3 09:08:05 2023]
Finished job 2.
3 of 5 steps (60%) done
Select jobs to execute...

[Thu Aug  3 09:08:05 2023]
rule convert_to_fastq:
    input: srr_down_done.txt, PRJNA252404_srr.txt
    output: split_done.txt
    jobid: 1
    reason: Missing output files: split_done.txt; Input files updated by another job: srr_down_done.txt, PRJNA252404_srr.txt
    resources: tmpdir=/tmp

[Thu Aug  3 09:08:07 2023]
Finished job 1.
4 of 5 steps (80%) done
Select jobs to execute...

[Thu Aug  3 09:08:07 2023]
localrule all:
    input: split_done.txt
    jobid: 0
    reason: Input files updated by another job: split_done.txt
    resources: tmpdir=/tmp

[Thu Aug  3 09:08:07 2023]
Finished job 0.
5 of 5 steps (100%) done
Complete log: .snakemake/log/2023-08-03T090124.049789.snakemake.log
