Building DAG of jobs...
Using shell: /usr/bin/bash
Provided cores: 8
Rules claiming more threads will be scaled down.
Job stats:
job                 count
----------------  -------
all                     1
convert_to_fastq        1
get_fastq               1
get_runinfo             1
get_sra                 1
total                   5

Select jobs to execute...

[Wed Aug  2 17:54:21 2023]
rule get_runinfo:
    output: PRJNA252404_runinfo.csv
    jobid: 3
    reason: Missing output files: PRJNA252404_runinfo.csv
    resources: tmpdir=/tmp

[Wed Aug  2 17:54:24 2023]
Finished job 3.
1 of 5 steps (20%) done
Select jobs to execute...

[Wed Aug  2 17:54:24 2023]
rule get_sra:
    input: PRJNA252404_runinfo.csv
    output: PRJNA252404_srr.txt
    jobid: 2
    reason: Missing output files: PRJNA252404_srr.txt; Input files updated by another job: PRJNA252404_runinfo.csv
    resources: tmpdir=/tmp

[Wed Aug  2 17:54:24 2023]
Finished job 2.
2 of 5 steps (40%) done
Select jobs to execute...

[Wed Aug  2 17:54:24 2023]
rule convert_to_fastq:
    input: PRJNA252404_srr.txt
    output: split_done.txt
    jobid: 4
    reason: Missing output files: split_done.txt; Input files updated by another job: PRJNA252404_srr.txt
    resources: tmpdir=/tmp

[Wed Aug  2 17:54:24 2023]
rule get_fastq:
    input: PRJNA252404_srr.txt
    output: srr_down_done.txt
    jobid: 1
    reason: Missing output files: srr_down_done.txt; Input files updated by another job: PRJNA252404_srr.txt
    resources: tmpdir=/tmp

[Wed Aug  2 18:11:36 2023]
Finished job 1.
3 of 5 steps (60%) done
Shutting down, this might take some time.
Exiting because a job execution failed. Look above for error message
Complete log: .snakemake/log/2023-08-02T175420.872312.snakemake.log
