Building DAG of jobs...
Using shell: /usr/bin/bash
Provided cores: 8
Rules claiming more threads will be scaled down.
Job stats:
job                 count
----------------  -------
all                     1
convert_to_fastq        1
get_fastq               1
get_runinfo             1
get_sra                 1
total                   5

Select jobs to execute...

[Wed Aug  2 18:42:29 2023]
rule get_runinfo:
    output: PRJNA252404_runinfo.csv
    jobid: 4
    reason: Missing output files: PRJNA252404_runinfo.csv
    resources: tmpdir=/tmp

[Wed Aug  2 18:42:34 2023]
Finished job 4.
1 of 5 steps (20%) done
Select jobs to execute...

[Wed Aug  2 18:42:34 2023]
rule get_sra:
    input: PRJNA252404_runinfo.csv
    output: PRJNA252404_srr.txt
    jobid: 3
    reason: Missing output files: PRJNA252404_srr.txt; Input files updated by another job: PRJNA252404_runinfo.csv
    resources: tmpdir=/tmp

[Wed Aug  2 18:42:34 2023]
Finished job 3.
2 of 5 steps (40%) done
Select jobs to execute...

[Wed Aug  2 18:42:34 2023]
rule get_fastq:
    input: PRJNA252404_srr.txt
    output: srr_down_done.txt
    jobid: 2
    reason: Missing output files: srr_down_done.txt; Input files updated by another job: PRJNA252404_srr.txt
    resources: tmpdir=/tmp

