Building DAG of jobs...
Using shell: /usr/bin/bash
Provided cores: 8
Rules claiming more threads will be scaled down.
Job stats:
job              count    min threads    max threads
-------------  -------  -------------  -------------
all                  1              1              1
fastp                4              1              1
make_manifest        1              1              1
qiime_import         1              1              1
total                7              1              1

Select jobs to execute...

[Thu Aug  3 18:09:13 2023]
rule fastp:
    input: 01.raw_fastq/SRR1397265_1.fastq, 01.raw_fastq/SRR1397265_2.fastq
    output: 02.clean_fastq/SRR1397265_1.clean.fastq, 02.clean_fastq/SRR1397265_2.clean.fastq, 02.clean_fastq/SRR1397265.html, 02.clean_fastq/SRR1397265.json
    jobid: 2
    reason: Missing output files: 02.clean_fastq/SRR1397265_2.clean.fastq, 02.clean_fastq/SRR1397265.html, 02.clean_fastq/SRR1397265_1.clean.fastq
    wildcards: sample=SRR1397265
    resources: tmpdir=/tmp


[Thu Aug  3 18:09:13 2023]
rule fastp:
    input: 01.raw_fastq/SRR1397339_1.fastq, 01.raw_fastq/SRR1397339_2.fastq
    output: 02.clean_fastq/SRR1397339_1.clean.fastq, 02.clean_fastq/SRR1397339_2.clean.fastq, 02.clean_fastq/SRR1397339.html, 02.clean_fastq/SRR1397339.json
    jobid: 3
    reason: Missing output files: 02.clean_fastq/SRR1397339_2.clean.fastq, 02.clean_fastq/SRR1397339.html, 02.clean_fastq/SRR1397339_1.clean.fastq
    wildcards: sample=SRR1397339
    resources: tmpdir=/tmp


[Thu Aug  3 18:09:13 2023]
rule fastp:
    input: 01.raw_fastq/SRR1397407_1.fastq, 01.raw_fastq/SRR1397407_2.fastq
    output: 02.clean_fastq/SRR1397407_1.clean.fastq, 02.clean_fastq/SRR1397407_2.clean.fastq, 02.clean_fastq/SRR1397407.html, 02.clean_fastq/SRR1397407.json
    jobid: 4
    reason: Missing output files: 02.clean_fastq/SRR1397407.html, 02.clean_fastq/SRR1397407_2.clean.fastq, 02.clean_fastq/SRR1397407_1.clean.fastq
    wildcards: sample=SRR1397407
    resources: tmpdir=/tmp


[Thu Aug  3 18:09:13 2023]
rule fastp:
    input: 01.raw_fastq/SRR1397196_1.fastq, 01.raw_fastq/SRR1397196_2.fastq
    output: 02.clean_fastq/SRR1397196_1.clean.fastq, 02.clean_fastq/SRR1397196_2.clean.fastq, 02.clean_fastq/SRR1397196.html, 02.clean_fastq/SRR1397196.json
    jobid: 1
    reason: Missing output files: 02.clean_fastq/SRR1397196.html, 02.clean_fastq/SRR1397196_1.clean.fastq, 02.clean_fastq/SRR1397196_2.clean.fastq
    wildcards: sample=SRR1397196
    resources: tmpdir=/tmp

[Thu Aug  3 18:09:14 2023]
Finished job 2.
1 of 7 steps (14%) done
[Thu Aug  3 18:09:14 2023]
Finished job 1.
2 of 7 steps (29%) done
[Thu Aug  3 18:09:14 2023]
Finished job 4.
3 of 7 steps (43%) done
[Thu Aug  3 18:09:15 2023]
Finished job 3.
4 of 7 steps (57%) done
Select jobs to execute...

[Thu Aug  3 18:09:15 2023]
rule make_manifest:
    input: 02.clean_fastq/SRR1397196.html, 02.clean_fastq/SRR1397265.html, 02.clean_fastq/SRR1397339.html, 02.clean_fastq/SRR1397407.html
    output: 02.clean_fastq/filelist.txt
    jobid: 5
    reason: Missing output files: 02.clean_fastq/filelist.txt; Input files updated by another job: 02.clean_fastq/SRR1397407.html, 02.clean_fastq/SRR1397265.html, 02.clean_fastq/SRR1397196.html, 02.clean_fastq/SRR1397339.html
    resources: tmpdir=/tmp

[Thu Aug  3 18:09:15 2023]
Finished job 5.
5 of 7 steps (71%) done
Select jobs to execute...

[Thu Aug  3 18:09:15 2023]
rule qiime_import:
    input: 02.clean_fastq/filelist.txt
    output: 03.import/reads.qza
    jobid: 6
    reason: Missing output files: 03.import/reads.qza; Input files updated by another job: 02.clean_fastq/filelist.txt
    resources: tmpdir=/tmp

[Thu Aug  3 18:09:21 2023]
Error in rule qiime_import:
    jobid: 6
    input: 02.clean_fastq/filelist.txt
    output: 03.import/reads.qza
    shell:
        
        qiime tools import                  --type 'SampleData[PairedEndSequencesWithQuality]'                  --input-path 02.clean_fastq/filelist.txt                  --output-path 03.import/reads.qza                  --input-format PairedEndFastqManifestPhred33
        
        (one of the commands exited with non-zero exit code; note that snakemake uses bash strict mode!)

Shutting down, this might take some time.
Exiting because a job execution failed. Look above for error message
Complete log: .snakemake/log/2023-08-03T180913.043004.snakemake.log
