Building DAG of jobs...
Using shell: /usr/bin/bash
Provided cores: 24
Rules claiming more threads will be scaled down.
Job counts:
	count	jobs
	1	all
	1	plot_KEGG
	2
Select jobs to execute...

[Fri Aug 18 19:07:34 2023]
rule plot_KEGG:
    input: L1L2.tsv, 08.Fuction_pridict/format_KEGG.PathwayL2.raw.txt
    output: 11.Plots/KEGG_L1L2.pdf
    jobid: 39

[Fri Aug 18 19:07:35 2023]
Error in rule plot_KEGG:
    jobid: 39
    output: 11.Plots/KEGG_L1L2.pdf
    shell:
        Rscript KEGG_L1L2.R L1L2.tsv 08.Fuction_pridict/format_KEGG.PathwayL2.raw.txt 11.Plots/KEGG_L1L2.pdf
        (one of the commands exited with non-zero exit code; note that snakemake uses bash strict mode!)

Shutting down, this might take some time.
Exiting because a job execution failed. Look above for error message
Complete log: /home/ljr/01.bio_project/16s_Auto/01.16s_data/02.analyze/.snakemake/log/2023-08-18T190734.421166.snakemake.log
