Building DAG of jobs...
Using shell: /usr/bin/bash
Provided cores: 24
Rules claiming more threads will be scaled down.
Job stats:
job                    count    min threads    max threads
-------------------  -------  -------------  -------------
all                        1              1              1
plot_Beta_diversity        4              1              1
total                      5              1              1

Select jobs to execute...

[Wed Aug 16 16:34:58 2023]
rule plot_Beta_diversity:
    input: 07.Diversity_analysis/bray_curtis_distance_matrix_M
    output: 11.Plots/bray_curtis_distance_matrix.pdf
    jobid: 32
    reason: Missing output files: 11.Plots/bray_curtis_distance_matrix.pdf
    wildcards: BD=bray_curtis_distance_matrix
    resources: tmpdir=/tmp


[Wed Aug 16 16:34:58 2023]
rule plot_Beta_diversity:
    input: 07.Diversity_analysis/unweighted_unifrac_distance_matrix_M
    output: 11.Plots/unweighted_unifrac_distance_matrix.pdf
    jobid: 33
    reason: Missing output files: 11.Plots/unweighted_unifrac_distance_matrix.pdf
    wildcards: BD=unweighted_unifrac_distance_matrix
    resources: tmpdir=/tmp


[Wed Aug 16 16:34:58 2023]
rule plot_Beta_diversity:
    input: 07.Diversity_analysis/jaccard_distance_matrix_M
    output: 11.Plots/jaccard_distance_matrix.pdf
    jobid: 34
    reason: Missing output files: 11.Plots/jaccard_distance_matrix.pdf
    wildcards: BD=jaccard_distance_matrix
    resources: tmpdir=/tmp


[Wed Aug 16 16:34:58 2023]
rule plot_Beta_diversity:
    input: 07.Diversity_analysis/weighted_unifrac_distance_matrix_M
    output: 11.Plots/weighted_unifrac_distance_matrix.pdf
    jobid: 35
    reason: Missing output files: 11.Plots/weighted_unifrac_distance_matrix.pdf
    wildcards: BD=weighted_unifrac_distance_matrix
    resources: tmpdir=/tmp

[Wed Aug 16 16:34:59 2023]
Error in rule plot_Beta_diversity:
    jobid: 33
    input: 07.Diversity_analysis/unweighted_unifrac_distance_matrix_M
    output: 11.Plots/unweighted_unifrac_distance_matrix.pdf
    shell:
        Rscript Beta_plot.R 07.Diversity_analysis/unweighted_unifrac_distance_matrix_M/distance-matrix.tsv 11.Plots/unweighted_unifrac_distance_matrix.pdf
        (one of the commands exited with non-zero exit code; note that snakemake uses bash strict mode!)

[Wed Aug 16 16:34:59 2023]
Error in rule plot_Beta_diversity:
    jobid: 34
    input: 07.Diversity_analysis/jaccard_distance_matrix_M
    output: 11.Plots/jaccard_distance_matrix.pdf
    shell:
        Rscript Beta_plot.R 07.Diversity_analysis/jaccard_distance_matrix_M/distance-matrix.tsv 11.Plots/jaccard_distance_matrix.pdf
        (one of the commands exited with non-zero exit code; note that snakemake uses bash strict mode!)

[Wed Aug 16 16:34:59 2023]
Error in rule plot_Beta_diversity:
    jobid: 32
    input: 07.Diversity_analysis/bray_curtis_distance_matrix_M
    output: 11.Plots/bray_curtis_distance_matrix.pdf
    shell:
        Rscript Beta_plot.R 07.Diversity_analysis/bray_curtis_distance_matrix_M/distance-matrix.tsv 11.Plots/bray_curtis_distance_matrix.pdf
        (one of the commands exited with non-zero exit code; note that snakemake uses bash strict mode!)

[Wed Aug 16 16:34:59 2023]
Error in rule plot_Beta_diversity:
    jobid: 35
    input: 07.Diversity_analysis/weighted_unifrac_distance_matrix_M
    output: 11.Plots/weighted_unifrac_distance_matrix.pdf
    shell:
        Rscript Beta_plot.R 07.Diversity_analysis/weighted_unifrac_distance_matrix_M/distance-matrix.tsv 11.Plots/weighted_unifrac_distance_matrix.pdf
        (one of the commands exited with non-zero exit code; note that snakemake uses bash strict mode!)

Shutting down, this might take some time.
Exiting because a job execution failed. Look above for error message
Complete log: .snakemake/log/2023-08-16T163457.678200.snakemake.log
